<?xml version="1.0" encoding="UTF-8"?>
<!-- Generated by org.testng.reporters.JUnitReportReporter -->
<testsuite skipped="0" hostname="MyComputer" name="test.AddCategoryTest" tests="3" failures="0" timestamp="24 Nov 2022 15:41:39 GMT" time="30.378" errors="0">
  <testcase name="addCategoryAndValidate" time="14.654" classname="test.AddCategoryTest"/>
  <testcase name="checkDuplicateCategory" time="10.997" classname="test.AddCategoryTest"/>
  <testcase name="monthDropDown" time="4.727" classname="test.AddCategoryTest"/>
</testsuite> <!-- test.AddCategoryTest -->
